2024-10-29 22:17:35.158 [info] Added views:outline in workbench.view.explorer
2024-10-29 22:17:35.158 [info] Added views:workbench.view.search in workbench.view.search
2024-10-29 22:17:35.158 [info] Added views:workbench.scm in workbench.view.scm
2024-10-29 22:17:35.158 [info] Added views:workbench.panel.markers.view in workbench.panel.markers
2024-10-29 22:17:35.158 [info] Added views:workbench.panel.output in workbench.panel.output
2024-10-29 22:17:35.158 [info] Added views:terminal in terminal
2024-10-29 22:17:35.158 [info] Added views:timeline in workbench.view.explorer
2024-10-29 22:17:35.158 [info] Added views:workbench.explorer.emptyView in workbench.view.explorer
2024-10-29 22:17:36.594 [info] Added views:workbench.debug.variablesView,workbench.debug.watchExpressionsView,workbench.debug.callStackView,workbench.debug.breakPointsView in workbench.view.debug
2024-10-29 22:17:37.184 [info] Added views:workbench.panel.repl.view in workbench.panel.repl
2024-10-29 22:17:37.186 [info] Removed views:workbench.debug.breakPointsView,workbench.debug.callStackView,workbench.debug.watchExpressionsView,workbench.debug.variablesView from workbench.view.debug
2024-10-29 22:17:37.188 [info] Added views:workbench.debug.welcome in workbench.view.debug
2024-10-29 22:17:37.404 [info] Added views:~remote.forwardedPorts in ~remote.forwardedPortsContainer
2024-10-29 22:17:40.962 [info] Added views:workbench.views.extensions.installed,workbench.views.extensions.popular,extensions.recommendedList in workbench.view.extensions
2024-10-29 22:17:40.974 [info] Removed views:workbench.views.extensions.popular from workbench.view.extensions
2024-10-29 22:17:41.396 [info] Added views:workbench.views.extensions.popular in workbench.view.extensions
2024-10-29 22:40:47.555 [info] Added views:workbench.debug.breakPointsView in workbench.view.debug
2024-10-29 22:40:50.436 [info] Removed views:extensions.recommendedList,workbench.views.extensions.popular,workbench.views.extensions.installed from workbench.view.extensions
2024-10-29 22:40:50.464 [info] Added views:workbench.views.extensions.marketplace in workbench.view.extensions
2024-10-29 22:40:56.371 [info] Removed views:workbench.views.extensions.marketplace from workbench.view.extensions
2024-10-29 22:40:56.397 [info] Added views:workbench.views.extensions.installed,workbench.views.extensions.popular,extensions.recommendedList in workbench.view.extensions
