2024-10-29 23:01:30.324 [info] Added views:outline in workbench.view.explorer
2024-10-29 23:01:30.324 [info] Added views:workbench.view.search in workbench.view.search
2024-10-29 23:01:30.324 [info] Added views:workbench.scm in workbench.view.scm
2024-10-29 23:01:30.324 [info] Added views:workbench.panel.markers.view in workbench.panel.markers
2024-10-29 23:01:30.324 [info] Added views:workbench.panel.output in workbench.panel.output
2024-10-29 23:01:30.324 [info] Added views:terminal in terminal
2024-10-29 23:01:30.324 [info] Added views:timeline in workbench.view.explorer
2024-10-29 23:01:30.324 [info] Added views:workbench.explorer.emptyView in workbench.view.explorer
2024-10-29 23:01:30.844 [info] Added views:workbench.debug.welcome in workbench.view.debug
2024-10-29 23:01:32.237 [info] Added views:assistantChatView in workbench.view.extension.assistantChat
2024-10-29 23:01:32.238 [info] Added views:cody.chat in workbench.view.extension.cody
2024-10-29 23:01:32.683 [info] Added views:workbench.panel.repl.view in workbench.panel.repl
2024-10-29 23:01:33.441 [info] Added views:~remote.forwardedPorts in ~remote.forwardedPortsContainer
2024-10-29 23:06:26.173 [info] Added views:workbench.views.extensions.installed,workbench.views.extensions.popular,extensions.recommendedList in workbench.view.extensions
2024-10-29 23:06:26.180 [info] Removed views:workbench.views.extensions.popular from workbench.view.extensions
2024-10-29 23:06:33.088 [info] Removed views:assistantChatView from workbench.view.extension.assistantChat
2024-10-29 23:06:33.104 [info] Added views:assistantChatView in workbench.view.explorer
2024-10-29 23:06:33.112 [info] Removed views:assistantChatView from workbench.view.explorer
2024-10-29 23:06:33.721 [info] Removed views:workbench.panel.repl.view from workbench.panel.repl
2024-10-29 23:06:34.581 [info] Added views:workbench.panel.repl.view in workbench.panel.repl
2024-10-29 23:07:27.564 [info] Removed views:cody.chat from workbench.view.extension.cody
2024-10-29 23:07:27.587 [info] Added views:cody.chat in workbench.view.explorer
2024-10-29 23:07:27.603 [info] Removed views:cody.chat from workbench.view.explorer
2024-10-29 23:07:28.236 [info] Removed views:workbench.panel.repl.view from workbench.panel.repl
2024-10-29 23:07:28.736 [info] Added views:workbench.panel.repl.view in workbench.panel.repl
