2024-10-29 23:01:32.510 [info] Extension host with pid 2232 started
2024-10-29 23:01:32.679 [info] ExtensionService#_doActivateExtension vscode.emmet, startup: false, activationEvent: 'onLanguage'
2024-10-29 23:01:32.743 [info] ExtensionService#_doActivateExtension sourcegraph.cody-ai, startup: false, activationEvent: 'onLanguage'
2024-10-29 23:01:34.351 [info] ExtensionService#_doActivateExtension vscode.git-base, startup: true, activationEvent: '*', root cause: vscode.git
2024-10-29 23:01:34.356 [info] ExtensionService#_doActivateExtension codemakerai.codemakerai, startup: true, activationEvent: '*'
2024-10-29 23:01:34.465 [info] ExtensionService#_doActivateExtension vscode.git, startup: true, activationEvent: '*'
2024-10-29 23:01:34.585 [info] ExtensionService#_doActivateExtension vscode.github, startup: true, activationEvent: '*'
2024-10-29 23:01:34.828 [info] Eager extensions activated
2024-10-29 23:01:35.017 [info] ExtensionService#_doActivateExtension vscode.debug-auto-launch, startup: false, activationEvent: 'onStartupFinished'
2024-10-29 23:01:35.023 [info] ExtensionService#_doActivateExtension vscode.merge-conflict, startup: false, activationEvent: 'onStartupFinished'
2024-10-29 23:01:35.910 [error] TypeError: The "paths[1]" argument must be of type string. Received undefined
	at Object.resolve (node:path:1101:7)
	at createParser (/home/logan/.vscode-oss/extensions/sourcegraph.cody-ai-1.38.3-universal/dist/extension.node.js:177960:46)
	at parseDocument (/home/logan/.vscode-oss/extensions/sourcegraph.cody-ai-1.38.3-universal/dist/extension.node.js:178028:25)
	at parseAllVisibleDocuments (/home/logan/.vscode-oss/extensions/sourcegraph.cody-ai-1.38.3-universal/dist/extension.node.js:178083:19)
	at registerParserListeners (/home/logan/.vscode-oss/extensions/sourcegraph.cody-ai-1.38.3-universal/dist/extension.node.js:209232:8)
	at register (/home/logan/.vscode-oss/extensions/sourcegraph.cody-ai-1.38.3-universal/dist/extension.node.js:209164:3)
	at async start3 (/home/logan/.vscode-oss/extensions/sourcegraph.cody-ai-1.38.3-universal/dist/extension.node.js:209152:20)
	at async activate (/home/logan/.vscode-oss/extensions/sourcegraph.cody-ai-1.38.3-universal/dist/extension.node.js:209648:24)
	at async S_._activate (file:///usr/share/vscodium/resources/app/out/vs/workbench/api/node/extensionHostProcess.js:114:5656)
	at async S_._waitForDepsThenActivate (file:///usr/share/vscodium/resources/app/out/vs/workbench/api/node/extensionHostProcess.js:114:5598)
	at async S_._initialize (file:///usr/share/vscodium/resources/app/out/vs/workbench/api/node/extensionHostProcess.js:114:4961)
2024-10-29 23:02:05.614 [error] Error: Cannot write headers after they are sent to the client
	at ServerResponse.writeHead (node:_http_server:345:11)
	at Server.<anonymous> (/home/logan/.vscode-oss/extensions/sourcegraph.cody-ai-1.38.3-universal/dist/extension.node.js:174670:13)
	at Server.emit (node:events:519:28)
	at Server.emit (node:domain:488:12)
	at parserOnIncoming (node:_http_server:1140:12)
	at HTTPParser.parserOnHeadersComplete (node:_http_common:119:17)
2024-10-29 23:06:33.001 [info] Extension host terminating: renderer closed the MessagePort
2024-10-29 23:06:33.061 [info] Extension host with pid 2232 exiting with code 0
2024-10-29 23:06:34.558 [info] Extension host with pid 3202 started
2024-10-29 23:06:34.577 [info] ExtensionService#_doActivateExtension vscode.emmet, startup: false, activationEvent: 'onLanguage'
2024-10-29 23:06:34.609 [info] ExtensionService#_doActivateExtension sourcegraph.cody-ai, startup: false, activationEvent: 'onLanguage'
2024-10-29 23:06:35.977 [info] ExtensionService#_doActivateExtension vscode.git-base, startup: true, activationEvent: '*', root cause: vscode.git
2024-10-29 23:06:36.097 [info] ExtensionService#_doActivateExtension vscode.git, startup: true, activationEvent: '*'
2024-10-29 23:06:36.229 [info] ExtensionService#_doActivateExtension vscode.github, startup: true, activationEvent: '*'
2024-10-29 23:06:36.492 [info] Eager extensions activated
2024-10-29 23:06:36.890 [info] ExtensionService#_doActivateExtension vscode.debug-auto-launch, startup: false, activationEvent: 'onStartupFinished'
2024-10-29 23:06:36.895 [info] ExtensionService#_doActivateExtension vscode.merge-conflict, startup: false, activationEvent: 'onStartupFinished'
2024-10-29 23:06:37.768 [error] TypeError: The "paths[1]" argument must be of type string. Received undefined
	at Object.resolve (node:path:1101:7)
	at createParser (/home/logan/.vscode-oss/extensions/sourcegraph.cody-ai-1.38.3-universal/dist/extension.node.js:177960:46)
	at parseDocument (/home/logan/.vscode-oss/extensions/sourcegraph.cody-ai-1.38.3-universal/dist/extension.node.js:178028:25)
	at parseAllVisibleDocuments (/home/logan/.vscode-oss/extensions/sourcegraph.cody-ai-1.38.3-universal/dist/extension.node.js:178083:19)
	at registerParserListeners (/home/logan/.vscode-oss/extensions/sourcegraph.cody-ai-1.38.3-universal/dist/extension.node.js:209232:8)
	at register (/home/logan/.vscode-oss/extensions/sourcegraph.cody-ai-1.38.3-universal/dist/extension.node.js:209164:3)
	at async start3 (/home/logan/.vscode-oss/extensions/sourcegraph.cody-ai-1.38.3-universal/dist/extension.node.js:209152:20)
	at async activate (/home/logan/.vscode-oss/extensions/sourcegraph.cody-ai-1.38.3-universal/dist/extension.node.js:209648:24)
	at async S_._activate (file:///usr/share/vscodium/resources/app/out/vs/workbench/api/node/extensionHostProcess.js:114:5656)
	at async S_._waitForDepsThenActivate (file:///usr/share/vscodium/resources/app/out/vs/workbench/api/node/extensionHostProcess.js:114:5598)
	at async S_._initialize (file:///usr/share/vscodium/resources/app/out/vs/workbench/api/node/extensionHostProcess.js:114:4961)
2024-10-29 23:06:44.054 [error] Error: Cannot write headers after they are sent to the client
	at ServerResponse.writeHead (node:_http_server:345:11)
	at Server.<anonymous> (/home/logan/.vscode-oss/extensions/sourcegraph.cody-ai-1.38.3-universal/dist/extension.node.js:174670:13)
	at Server.emit (node:events:519:28)
	at Server.emit (node:domain:488:12)
	at parserOnIncoming (node:_http_server:1140:12)
	at HTTPParser.parserOnHeadersComplete (node:_http_common:119:17)
2024-10-29 23:07:27.494 [info] Extension host terminating: renderer closed the MessagePort
2024-10-29 23:07:27.521 [info] Extension host with pid 3202 exiting with code 0
2024-10-29 23:07:28.713 [info] Extension host with pid 3310 started
2024-10-29 23:07:28.734 [info] ExtensionService#_doActivateExtension vscode.emmet, startup: false, activationEvent: 'onLanguage'
2024-10-29 23:07:28.798 [info] ExtensionService#_doActivateExtension vscode.git-base, startup: true, activationEvent: '*', root cause: vscode.git
2024-10-29 23:07:28.805 [info] ExtensionService#_doActivateExtension vscode.git, startup: true, activationEvent: '*'
2024-10-29 23:07:28.930 [info] ExtensionService#_doActivateExtension vscode.github, startup: true, activationEvent: '*'
2024-10-29 23:07:29.069 [info] Eager extensions activated
2024-10-29 23:07:29.139 [info] ExtensionService#_doActivateExtension vscode.debug-auto-launch, startup: false, activationEvent: 'onStartupFinished'
2024-10-29 23:07:29.147 [info] ExtensionService#_doActivateExtension vscode.merge-conflict, startup: false, activationEvent: 'onStartupFinished'
2024-10-29 23:10:09.472 [info] Extension host terminating: renderer closed the MessagePort
2024-10-29 23:10:09.491 [info] Extension host with pid 3310 exiting with code 0
