█ telemetry-v2 recordEvent: cody.extension/savedLogin:
█ telemetry-v2 recordEvent: cody.auth/disconnected:
█ ModelsService User model preferences changed: {"defaults":{},"selected":{}}
█ ChatsController:constructor init:
█ telemetry-v2 recordEvent: cody.signInNotification/shown:
█ Autocomplete:createProvider You are not signed in.:
█ GraphQLTelemetryExporter evaluated export mode:: 5.2.5+
█ GraphQLTelemetryExporter evaluated export mode:: 5.2.5+
█ GraphQLTelemetryExporter evaluated export mode:: 5.2.5+
█ GraphQLTelemetryExporter Error exporting telemetry events:: Error: Variable "value" has invalid value null.
Expected type "JSONValue!", found null.
█ GraphQLTelemetryExporter Error exporting telemetry events:: Error: Variable "value" has invalid value null.
Expected type "JSONValue!", found null.
█ telemetry-v2 recordEvent: cody.signInNotification.signInButton/clicked:
█ GraphQLTelemetryExporter Error exporting telemetry events:: Error: Variable "value" has invalid value null.
Expected type "JSONValue!", found null.
█ ChatController updateViewConfig:
█ ChatController updateViewConfig:
█ UpstreamHealth Ping took 256ms (Gateway: 284ms):
█ telemetry-v2 recordEvent: cody.webview.auth/simplifiedSignInGoogleClick:
█ GraphQLTelemetryExporter Error exporting telemetry events:: Error: Variable "value" has invalid value null.
Expected type "JSONValue!", found null.
█ telemetry-v2 recordEvent: cody.characters/flush:
