█ ChatsController:constructor init:
█ telemetry-v2 recordEvent: cody.extension/installed:
█ telemetry-v2 recordEvent: cody.signInNotification/shown:
█ telemetry-v2 recordEvent: cody.auth/disconnected:
█ Autocomplete:createProvider You are not signed in.:
█ ModelsService User model preferences changed: {"defaults":{},"selected":{}}
█ GraphQLTelemetryExporter evaluated export mode:: 5.2.5+
█ GraphQLTelemetryExporter evaluated export mode:: 5.2.5+
█ GraphQLTelemetryExporter evaluated export mode:: 5.2.5+
█ GraphQLTelemetryExporter Error exporting telemetry events:: Error: Variable "value" has invalid value null.
Expected type "JSONValue!", found null.
█ UpstreamHealth Ping took 308ms (Gateway: 300ms):
█ ChatController updateViewConfig:
█ ChatController updateViewConfig:
█ telemetry-v2 recordEvent: cody.webview.auth/simplifiedSignInGitLabClick:
█ GraphQLTelemetryExporter evaluated export mode:: 5.2.5+
█ GraphQLTelemetryExporter Error exporting telemetry events:: Error: Variable "value" has invalid value null.
Expected type "JSONValue!", found null.
█ telemetry-v2 recordEvent: cody.webview.auth/simplifiedSignInGitLabClick:
█ GraphQLTelemetryExporter Error exporting telemetry events:: Error: Variable "value" has invalid value null.
Expected type "JSONValue!", found null.
█ telemetry-v2 recordEvent: cody.webview.auth/simplifiedSignInGoogleClick:
█ GraphQLTelemetryExporter Error exporting telemetry events:: Error: Variable "value" has invalid value null.
Expected type "JSONValue!", found null.
█ telemetry-v2 recordEvent: cody.characters/flush:
